(THU.CST) os is loading ...

Special kernel symbols:
  entry  0xc010002a (phys)
  etext  0xc01073a9 (phys)
  edata  0xc011aa36 (phys)
  end    0xc011ba48 (phys)
Kernel executable memory footprint: 111KB
ebp:0xc0119f38,eip:0xc01009db,args:0x00010094 0x00000000 0xc0119f68 0xc01000bc 
    kern/debug/kdebug.c:309: print_stackframe+21
ebp:0xc0119f48,eip:0xc0100cca,args:0x00000000 0x00000000 0x00000000 0xc0119fb8 
    kern/debug/kmonitor.c:129: mon_backtrace+10
ebp:0xc0119f68,eip:0xc01000bc,args:0x00000000 0xc0119f90 0xffff0000 0xc0119f94 
    kern/init/init.c:49: grade_backtrace2+33
ebp:0xc0119f88,eip:0xc01000e5,args:0x00000000 0xffff0000 0xc0119fb4 0x0000002a 
    kern/init/init.c:54: grade_backtrace1+38
ebp:0xc0119fa8,eip:0xc0100103,args:0x00000000 0xc010002a 0xffff0000 0x0000001d 
    kern/init/init.c:59: grade_backtrace0+23
ebp:0xc0119fc8,eip:0xc0100128,args:0xc01073dc 0xc01073c0 0x00001012 0x00000000 
    kern/init/init.c:64: grade_backtrace+34
ebp:0xc0119ff8,eip:0xc010007f,args:0x00000000 0x00000000 0x0000ffff 0x40cf9a00 
    kern/init/init.c:29: kern_init+84
memory management: default_pmm_manager
e820map:
  memory: 0009fc00, [00000000, 0009fbff], type = 1.
  memory: 00000400, [0009fc00, 0009ffff], type = 2.
  memory: 00010000, [000f0000, 000fffff], type = 2.
  memory: 07efe000, [00100000, 07ffdfff], type = 1.
  memory: 00002000, [07ffe000, 07ffffff], type = 2.
  memory: 00040000, [fffc0000, ffffffff], type = 2.
check_alloc_page() succeeded!
check_pgdir() succeeded!
check_boot_pgdir() succeeded!
-------------------- BEGIN --------------------
PDE(0e0) c0000000-f8000000 38000000 urw
  |-- PTE(38000) c0000000-f8000000 38000000 -rw
PDE(001) fac00000-fb000000 00400000 -rw
  |-- PTE(000e0) faf00000-fafe0000 000e0000 urw
  |-- PTE(00001) fafeb000-fafec000 00001000 -rw
--------------------- END ---------------------
++ setup timer interrupts
100 ticks
End of Test.
kernel panic at kern/trap/trap.c:18:
    EOT: kernel seems ok.
Welcome to the kernel debug monitor!!
Type 'help' for a list of commands.
K> 